
> qrbot@1.0.0 build
> next build

Γû▓ Next.js 16.2.4 (Turbopack)
- Environments: .env.local
- Experiments (use with caution):
  Γ£ô optimizeCss
  ┬╖ optimizePackageImports

  Creating an optimized production build ...
node.exe : 
At C:\Program Files\nodejs\npm.ps1:29 char:3
+   & $NODE_EXE $NPM_CLI_JS $args
+   ~~~~~~~~~~~~~~~~~~~~~~~~~~~~~
    + CategoryInfo          : NotSpecified: (:String) [], RemoteException
    + FullyQualifiedErrorId : NativeCommandError
 
> Build error occurred
Error: Turbopack build failed with 1 errors:
./app/blog/[slug]/page.tsx:125:8
Unexpected token. Did you mean `{'>'}` or `&gt;`?
  [90m123 |[0m             rel=[32m"noopener noreferrer"[0m
  [90m124 |[0m             className=[32m"text-xs bg-gray-100 hover:bg-gray-200 text-gray-600 px-3 py-1.5 ro...[0m
[31m[1m>[0m [90m125 |[0m           >
  [90m    |[0m        [31m[1m^[0m
  [90m126 |[0m             [33mTwitter[0m/[33mX[0m
  [90m127 |[0m           </a>
  [90m128 |[0m

Parsing ecmascript source code failed


    at <unknown> (./app/blog/[slug]/page.tsx:125:8)
