ď»ż
> qrbot@1.0.0 build
> next build

Î“Ă»â–“ Next.js 16.2.4 (Turbopack)
- Environments: .env.local
- Experiments (use with caution):
  Î“ÂŁĂ´ optimizeCss
  â”¬â•– optimizePackageImports

  Creating an optimized production build ...
Î“ÂŁĂ´ Compiled successfully in 17.1s
  Skipping validation of types
  Finished TypeScript config validation in 30ms ...
  Collecting page data using 3 workers ...
  Generating static pages using 3 workers (0/46) ...
  Generating static pages using 3 workers (11/46) 
  Generating static pages using 3 workers (22/46) 
  Generating static pages using 3 workers (34/46) 
Î“ÂŁĂ´ Generating static pages using 3 workers (46/46) in 1500ms
  Finalizing page optimization ...

Route (app)                             Revalidate  Expire
Î“Ă¶Ă® Î“ĂąĂŻ /
Î“Ă¶ÂŁ Î“ĂąĂŻ /_not-found
Î“Ă¶ÂŁ â•žĂ† /admin
Î“Ă¶ÂŁ â•žĂ† /admin/blog
Î“Ă¶ÂŁ â•žĂ† /admin/blog/[id]/edit
Î“Ă¶ÂŁ â•žĂ† /admin/blog/new
Î“Ă¶ÂŁ â•žĂ† /admin/campaigns
Î“Ă¶ÂŁ â•žĂ† /admin/payments
Î“Ă¶ÂŁ â•žĂ† /admin/products
Î“Ă¶ÂŁ â•žĂ† /admin/proofs
Î“Ă¶ÂŁ â•žĂ† /admin/sections
Î“Ă¶ÂŁ â•žĂ† /admin/settings
Î“Ă¶ÂŁ â•žĂ† /admin/tasks
Î“Ă¶ÂŁ â•žĂ† /admin/users
Î“Ă¶ÂŁ â•žĂ† /api/activity/feed
Î“Ă¶ÂŁ â•žĂ† /api/admin/analytics
Î“Ă¶ÂŁ â•žĂ† /api/admin/blog
Î“Ă¶ÂŁ â•žĂ† /api/admin/blog/[id]
Î“Ă¶ÂŁ â•žĂ† /api/admin/payments
Î“Ă¶ÂŁ â•žĂ† /api/admin/payments/[id]
Î“Ă¶ÂŁ â•žĂ† /api/admin/proofs
Î“Ă¶ÂŁ â•žĂ† /api/admin/sections
Î“Ă¶ÂŁ â•žĂ† /api/admin/sections/[id]
Î“Ă¶ÂŁ â•žĂ† /api/admin/sections/[id]/products
Î“Ă¶ÂŁ â•žĂ† /api/admin/send-notification
Î“Ă¶ÂŁ â•žĂ† /api/admin/settings
Î“Ă¶ÂŁ â•žĂ† /api/admin/sync-tasks
Î“Ă¶ÂŁ â•žĂ† /api/admin/task-clicks
Î“Ă¶ÂŁ â•žĂ† /api/admin/task-completions
Î“Ă¶ÂŁ â•žĂ† /api/admin/tasks
Î“Ă¶ÂŁ â•žĂ† /api/admin/tasks/[id]
Î“Ă¶ÂŁ â•žĂ† /api/admin/users
Î“Ă¶ÂŁ â•žĂ† /api/admin/users/[id]
Î“Ă¶ÂŁ â•žĂ† /api/auth/check
Î“Ă¶ÂŁ â•žĂ† /api/auth/forgot-password
Î“Ă¶ÂŁ â•žĂ† /api/auth/login
Î“Ă¶ÂŁ â•žĂ† /api/auth/logout
Î“Ă¶ÂŁ â•žĂ† /api/auth/reset-password
Î“Ă¶ÂŁ â•žĂ† /api/auth/signup
Î“Ă¶ÂŁ â•žĂ† /api/auth/verify-email
Î“Ă¶ÂŁ â•žĂ† /api/blog
Î“Ă¶ÂŁ â•žĂ† /api/blog/[slug]
Î“Ă¶ÂŁ â•žĂ† /api/campaigns
Î“Ă¶ÂŁ â•žĂ† /api/campaigns/[id]
Î“Ă¶ÂŁ â•žĂ† /api/campaigns/[id]/increment-scan
Î“Ă¶ÂŁ â•žĂ† /api/categories
Î“Ă¶ÂŁ â•žĂ† /api/earnings
Î“Ă¶ÂŁ â•žĂ† /api/notifications
Î“Ă¶ÂŁ â•žĂ† /api/payments
Î“Ă¶ÂŁ â•žĂ† /api/products
Î“Ă¶ÂŁ â•žĂ† /api/products/[id]
Î“Ă¶ÂŁ â•žĂ† /api/push-subscription
Î“Ă¶ÂŁ â•žĂ† /api/referral
Î“Ă¶ÂŁ â•žĂ† /api/referral/apply
Î“Ă¶ÂŁ â•žĂ† /api/sections
Î“Ă¶ÂŁ â•žĂ† /api/settings
Î“Ă¶ÂŁ â•žĂ† /api/task-completions/[id]/proof
Î“Ă¶ÂŁ â•žĂ† /api/tasks
Î“Ă¶ÂŁ â•žĂ† /api/tasks/[id]/click
Î“Ă¶ÂŁ â•žĂ† /api/tasks/[id]/complete
Î“Ă¶ÂŁ â•žĂ† /api/user/profile
Î“Ă¶ÂŁ â•žĂ† /api/users/[id]/admin
Î“Ă¶ÂŁ Î“ĂąĂŻ /auth/forgot-password
Î“Ă¶ÂŁ Î“ĂąĂŻ /auth/login
Î“Ă¶ÂŁ Î“ĂąĂŻ /auth/reset-password
Î“Ă¶ÂŁ Î“ĂąĂŻ /auth/sign-up
Î“Ă¶ÂŁ Î“ĂąĂŻ /auth/sign-up-success
Î“Ă¶ÂŁ â•žĂ† /auth/verify-email
Î“Ă¶ÂŁ Î“ĂąĂŻ /blog                                       5m      1y
Î“Ă¶ÂŁ Î“ĂąĂ… /blog/[slug]
Î“Ă¶ÂŁ â•žĂ† /chat/[code]
Î“Ă¶ÂŁ Î“ĂąĂŻ /contact
Î“Ă¶ÂŁ â•žĂ† /dashboard
Î“Ă¶ÂŁ â•žĂ† /dashboard/earnings
Î“Ă¶ÂŁ â•žĂ† /dashboard/products
Î“Ă¶ÂŁ â•žĂ† /dashboard/products/[id]
Î“Ă¶ÂŁ â•žĂ† /dashboard/profile
Î“Ă¶ÂŁ â•žĂ† /dashboard/referral
Î“Ă¶ÂŁ â•žĂ† /dashboard/tasks
Î“Ă¶ÂŁ â•žĂ† /dashboard/tasks/[id]
Î“Ă¶ÂŁ Î“ĂąĂŻ /privacy
Î“Ă¶ÂŁ â•žĂ† /sitemap.xml
Î“Ă¶Ă¶ Î“ĂąĂŻ /terms


â•žĂ† Proxy (Middleware)

Î“ĂąĂŻ  (Static)   prerendered as static content
Î“ĂąĂ…  (SSG)      prerendered as static HTML (uses generateStaticParams)
â•žĂ†  (Dynamic)  server-rendered on demand

